{"/home/ousmane/projects/polyShare/polyshare-backend/src/routes/documentRoutes.js": {"path":"/home/ousmane/projects/polyShare/polyshare-backend/src/routes/documentRoutes.js","statementMap":{"0":{"start":{"line":1,"column":16},"end":{"line":1,"column":34}},"1":{"start":{"line":2,"column":15},"end":{"line":2,"column":31}},"2":{"start":{"line":3,"column":27},"end":{"line":3,"column":71}},"3":{"start":{"line":4,"column":38},"end":{"line":4,"column":77}},"4":{"start":{"line":5,"column":38},"end":{"line":5,"column":79}},"5":{"start":{"line":6,"column":37},"end":{"line":6,"column":67}},"6":{"start":{"line":13,"column":0},"end":{"line":20,"column":2}},"7":{"start":{"line":28,"column":0},"end":{"line":28,"column":52}},"8":{"start":{"line":35,"column":0},"end":{"line":35,"column":74}},"9":{"start":{"line":42,"column":0},"end":{"line":42,"column":55}},"10":{"start":{"line":49,"column":0},"end":{"line":49,"column":77}},"11":{"start":{"line":56,"column":0},"end":{"line":56,"column":70}},"12":{"start":{"line":58,"column":0},"end":{"line":58,"column":24}}},"fnMap":{},"branchMap":{},"s":{"0":1,"1":1,"2":1,"3":1,"4":1,"5":1,"6":1,"7":1,"8":1,"9":1,"10":1,"11":1,"12":1},"f":{},"b":{},"_coverageSchema":"1a1c01bbd47fc00a2c39e90264f33305004495a9","hash":"1386f6a9729385b9bdfc12ca5d908ed2bb885eed"}
}
